<?xml version="1.0" encoding="utf-8"?><testsuites name="pytest tests"><testsuite name="pytest" errors="0" failures="0" skipped="0" tests="19" time="4.083" timestamp="2026-04-04T11:05:55.355715+00:00" hostname="agent-env-94adfab4-1a71-41ce-8da2-b5b6d4505df7"><testcase classname="backend.tests.test_articles.TestArticlesPublic" name="test_get_all_articles_returns_seeded_data" time="0.228" /><testcase classname="backend.tests.test_articles.TestArticlesPublic" name="test_get_articles_by_category_devices" time="0.097" /><testcase classname="backend.tests.test_articles.TestArticlesPublic" name="test_get_articles_by_category_machines" time="0.141" /><testcase classname="backend.tests.test_articles.TestArticlesPublic" name="test_get_articles_by_category_personas" time="0.132" /><testcase classname="backend.tests.test_articles.TestArticlesPublic" name="test_get_articles_by_category_techniques" time="0.132" /><testcase classname="backend.tests.test_articles.TestArticlesPublic" name="test_get_articles_published_only_default" time="0.098" /><testcase classname="backend.tests.test_articles.TestArticlesPublic" name="test_get_articles_include_drafts" time="0.105" /><testcase classname="backend.tests.test_articles.TestArticlesPublic" name="test_get_single_article_by_id" time="0.253" /><testcase classname="backend.tests.test_articles.TestArticlesPublic" name="test_get_article_not_found" time="0.096" /><testcase classname="backend.tests.test_articles.TestArticlesPublic" name="test_article_content_is_html" time="0.098" /><testcase classname="backend.tests.test_articles.TestArticlesAdmin" name="test_create_article_requires_auth" time="0.101" /><testcase classname="backend.tests.test_articles.TestArticlesAdmin" name="test_create_article_success" time="0.565" /><testcase classname="backend.tests.test_articles.TestArticlesAdmin" name="test_update_article_requires_auth" time="0.118" /><testcase classname="backend.tests.test_articles.TestArticlesAdmin" name="test_update_article_success" time="0.592" /><testcase classname="backend.tests.test_articles.TestArticlesAdmin" name="test_delete_article_requires_auth" time="0.121" /><testcase classname="backend.tests.test_articles.TestArticlesAdmin" name="test_delete_article_success" time="0.546" /><testcase classname="backend.tests.test_articles.TestArticlesAdmin" name="test_delete_article_not_found" time="0.367" /><testcase classname="backend.tests.test_articles.TestArticleSeededContent" name="test_seeded_articles_have_rich_content" time="0.097" /><testcase classname="backend.tests.test_articles.TestArticleSeededContent" name="test_seeded_articles_cover_all_categories" time="0.103" /></testsuite></testsuites>