<?xml version="1.0" encoding="utf-8"?><testsuites name="pytest tests"><testsuite name="pytest" errors="0" failures="0" skipped="0" tests="25" time="11.968" timestamp="2026-04-05T10:50:25.094752+00:00" hostname="agent-env-94adfab4-1a71-41ce-8da2-b5b6d4505df7"><testcase classname="backend.tests.test_rbac.TestUserRegistration" name="test_register_creates_user_with_role_user" time="0.345" /><testcase classname="backend.tests.test_rbac.TestUserRegistration" name="test_register_rejects_duplicate_email" time="0.421" /><testcase classname="backend.tests.test_rbac.TestUserRegistration" name="test_register_rejects_short_password" time="0.109" /><testcase classname="backend.tests.test_rbac.TestUserRegistration" name="test_register_rejects_missing_name" time="0.104" /><testcase classname="backend.tests.test_rbac.TestUserLogin" name="test_login_works_for_registered_user" time="0.656" /><testcase classname="backend.tests.test_rbac.TestUserLogin" name="test_login_rejects_wrong_password" time="0.414" /><testcase classname="backend.tests.test_rbac.TestUserLogin" name="test_login_rejects_nonexistent_user" time="0.104" /><testcase classname="backend.tests.test_rbac.TestAdminLogin" name="test_admin_login_works" time="0.317" /><testcase classname="backend.tests.test_rbac.TestAdminLogin" name="test_admin_login_rejects_wrong_password" time="0.318" /><testcase classname="backend.tests.test_rbac.TestAdminLogin" name="test_admin_login_rejects_non_admin" time="0.432" /><testcase classname="backend.tests.test_rbac.TestAuthMe" name="test_auth_me_returns_user_info_with_role" time="0.365" /><testcase classname="backend.tests.test_rbac.TestAuthMe" name="test_auth_me_requires_auth" time="0.113" /><testcase classname="backend.tests.test_rbac.TestUserManagement" name="test_list_users_admin_only" time="0.364" /><testcase classname="backend.tests.test_rbac.TestUserManagement" name="test_list_users_returns_403_for_non_admin" time="0.367" /><testcase classname="backend.tests.test_rbac.TestUserManagement" name="test_list_users_returns_401_without_auth" time="0.097" /><testcase classname="backend.tests.test_rbac.TestUserManagement" name="test_change_role_admin_only" time="0.787" /><testcase classname="backend.tests.test_rbac.TestUserManagement" name="test_change_role_returns_403_for_non_admin" time="0.814" /><testcase classname="backend.tests.test_rbac.TestUserManagement" name="test_change_role_invalid_role" time="0.422" /><testcase classname="backend.tests.test_rbac.TestShopPermissions" name="test_create_shop_requires_contributor_or_admin" time="1.102" /><testcase classname="backend.tests.test_rbac.TestShopPermissions" name="test_create_shop_returns_403_for_regular_user" time="0.362" /><testcase classname="backend.tests.test_rbac.TestShopPermissions" name="test_contributor_can_only_edit_own_shops" time="1.376" /><testcase classname="backend.tests.test_rbac.TestShopPermissions" name="test_contributor_can_only_delete_own_shops" time="1.312" /><testcase classname="backend.tests.test_rbac.TestShopPermissions" name="test_admin_can_edit_any_shop" time="0.513" /><testcase classname="backend.tests.test_rbac.TestRatingPermissions" name="test_authenticated_user_can_rate" time="0.464" /><testcase classname="backend.tests.test_rbac.TestRatingPermissions" name="test_unauthenticated_cannot_rate" time="0.196" /></testsuite></testsuites>